  Snake.cpp
C:\Flap\Flap\Main\Snake.cpp(147,50): warning C4244: '=': conversion from 'T' to 'T', possible loss of data
          with
          [
              T=float
          ]
          and
          [
              T=int
          ]
C:\Flap\Flap\Main\Snake.cpp(148,50): warning C4244: '=': conversion from 'T' to 'T', possible loss of data
          with
          [
              T=float
          ]
          and
          [
              T=int
          ]
  Main.vcxproj -> C:\Flap\Flap\x64\Debug\Main.exe
